# JRE version: OpenJDK Runtime Environment (21.0.2+13) (build 21.0.2+13-58)
# Java VM: OpenJDK 64-Bit Server VM (21.0.2+13-58, mixed mode, sharing, tiered, compressed oops, compressed class ptrs, g1 gc, windows-amd64)
GC Precious Log:
 CardTable entry size: 512
 Card Set container configuration: InlinePtr #cards 5 size 8 Array Of Cards #cards 12 size 40 Howl #buckets 4 coarsen threshold 1843 Howl Bitmap #cards 512 size 80 coarsen threshold 460 Card regions per heap region 1 cards per card region 2048
 CPUs: 4 total, 4 available
 Memory: 3981M
 Large Page Support: Disabled
 NUMA Support: Disabled
 Compressed Oops: Enabled (32-bit)
 Heap Region Size: 1M
 Heap Min Capacity: 8M
 Heap Initial Capacity: 64M
 Heap Max Capacity: 996M
 Pre-touch: Disabled
 Parallel Workers: 4
 Concurrent Workers: 1
 Concurrent Refinement Workers: 4
 Periodic GC: Disabled
Heap:
 garbage-first heap   total 51200K, used 29128K [0x00000000c1c00000, 0x0000000100000000)
  region size 1024K, 17 young (17408K), 4 survivors (4096K)
 Metaspace       used 29327K, committed 29824K, reserved 1114112K
  class space    used 3710K, committed 3968K, reserved 1048576K
GC Heap History (12 events):
Event: 2.411 GC heap before
{Heap before GC invocations=0 (full 0):
 garbage-first heap   total 65536K, used 13312K [0x00000000c1c00000, 0x0000000100000000)
  region size 1024K, 13 young (13312K), 0 survivors (0K)
 Metaspace       used 3713K, committed 3904K, reserved 1114112K
  class space    used 360K, committed 448K, reserved 1048576K
}
Event: 2.424 GC heap after
{Heap after GC invocations=1 (full 0):
 garbage-first heap   total 65536K, used 6400K [0x00000000c1c00000, 0x0000000100000000)
  region size 1024K, 2 young (2048K), 2 survivors (2048K)
 Metaspace       used 3713K, committed 3904K, reserved 1114112K
  class space    used 360K, committed 448K, reserved 1048576K
}
Event: 4.199 GC heap before
{Heap before GC invocations=1 (full 0):
 garbage-first heap   total 65536K, used 18688K [0x00000000c1c00000, 0x0000000100000000)
  region size 1024K, 14 young (14336K), 2 survivors (2048K)
 Metaspace       used 7445K, committed 7680K, reserved 1114112K
  class space    used 868K, committed 960K, reserved 1048576K
}
Event: 4.211 GC heap after
{Heap after GC invocations=2 (full 0):
 garbage-first heap   total 65536K, used 7399K [0x00000000c1c00000, 0x0000000100000000)
  region size 1024K, 2 young (2048K), 2 survivors (2048K)
 Metaspace       used 7445K, committed 7680K, reserved 1114112K
  class space    used 868K, committed 960K, reserved 1048576K
}
Event: 6.857 GC heap before
{Heap before GC invocations=2 (full 0):
 garbage-first heap   total 65536K, used 35047K [0x00000000c1c00000, 0x0000000100000000)
  region size 1024K, 30 young (30720K), 2 survivors (2048K)
 Metaspace       used 15292K, committed 15616K, reserved 1114112K
  class space    used 1832K, committed 1984K, reserved 1048576K
}
Event: 6.865 GC heap after
{Heap after GC invocations=3 (full 0):
 garbage-first heap   total 65536K, used 9556K [0x00000000c1c00000, 0x0000000100000000)
  region size 1024K, 4 young (4096K), 4 survivors (4096K)
 Metaspace       used 15292K, committed 15616K, reserved 1114112K
  class space    used 1832K, committed 1984K, reserved 1048576K
}
Event: 10.890 GC heap before
{Heap before GC invocations=3 (full 0):
 garbage-first heap   total 65536K, used 44372K [0x00000000c1c00000, 0x0000000100000000)
  region size 1024K, 38 young (38912K), 4 survivors (4096K)
 Metaspace       used 20768K, committed 21120K, reserved 1114112K
  class space    used 2489K, committed 2624K, reserved 1048576K
}
Event: 10.910 GC heap after
{Heap after GC invocations=4 (full 0):
 garbage-first heap   total 65536K, used 12729K [0x00000000c1c00000, 0x0000000100000000)
  region size 1024K, 5 young (5120K), 5 survivors (5120K)
 Metaspace       used 20768K, committed 21120K, reserved 1114112K
  class space    used 2489K, committed 2624K, reserved 1048576K
}
Event: 11.152 GC heap before
{Heap before GC invocations=4 (full 0):
 garbage-first heap   total 65536K, used 13753K [0x00000000c1c00000, 0x0000000100000000)
  region size 1024K, 7 young (7168K), 5 survivors (5120K)
 Metaspace       used 21230K, committed 21504K, reserved 1114112K
  class space    used 2546K, committed 2688K, reserved 1048576K
}
Event: 11.174 GC heap after
{Heap after GC invocations=5 (full 0):
 garbage-first heap   total 65536K, used 13939K [0x00000000c1c00000, 0x0000000100000000)
  region size 1024K, 1 young (1024K), 1 survivors (1024K)
 Metaspace       used 21230K, committed 21504K, reserved 1114112K
  class space    used 2546K, committed 2688K, reserved 1048576K
}
Event: 17.713 GC heap before
{Heap before GC invocations=6 (full 0):
 garbage-first heap   total 51200K, used 43635K [0x00000000c1c00000, 0x0000000100000000)
  region size 1024K, 30 young (30720K), 1 survivors (1024K)
 Metaspace       used 27388K, committed 27904K, reserved 1114112K
  class space    used 3421K, committed 3648K, reserved 1048576K
}
Event: 17.733 GC heap after
{Heap after GC invocations=7 (full 0):
 garbage-first heap   total 51200K, used 16840K [0x00000000c1c00000, 0x0000000100000000)
  region size 1024K, 4 young (4096K), 4 survivors (4096K)
 Metaspace       used 27388K, committed 27904K, reserved 1114112K
  class space    used 3421K, committed 3648K, reserved 1048576K
}

