# JRE version: OpenJDK Runtime Environment (21.0.2+13) (build 21.0.2+13-58)
# Java VM: OpenJDK 64-Bit Server VM (21.0.2+13-58, mixed mode, sharing, tiered, compressed oops, compressed class ptrs, g1 gc, windows-amd64)
GC Precious Log:
 CardTable entry size: 512
 Card Set container configuration: InlinePtr #cards 5 size 8 Array Of Cards #cards 12 size 40 Howl #buckets 4 coarsen threshold 1843 Howl Bitmap #cards 512 size 80 coarsen threshold 460 Card regions per heap region 1 cards per card region 2048
 CPUs: 4 total, 4 available
 Memory: 3981M
 Large Page Support: Disabled
 NUMA Support: Disabled
 Compressed Oops: Enabled (32-bit)
 Heap Region Size: 1M
 Heap Min Capacity: 8M
 Heap Initial Capacity: 64M
 Heap Max Capacity: 996M
 Pre-touch: Disabled
 Parallel Workers: 4
 Concurrent Workers: 1
 Concurrent Refinement Workers: 4
 Periodic GC: Disabled
Heap:
 garbage-first heap   total 53248K, used 42542K [0x00000000c1c00000, 0x0000000100000000)
  region size 1024K, 15 young (15360K), 1 survivors (1024K)
 Metaspace       used 70339K, committed 70976K, reserved 1114112K
  class space    used 9324K, committed 9664K, reserved 1048576K
GC Heap History (20 events):
Event: 2504.495 GC heap before
{Heap before GC invocations=16 (full 0):
 garbage-first heap   total 51200K, used 43959K [0x00000000c1c00000, 0x0000000100000000)
  region size 1024K, 21 young (21504K), 3 survivors (3072K)
 Metaspace       used 65565K, committed 66240K, reserved 1114112K
  class space    used 8711K, committed 9024K, reserved 1048576K
}
Event: 2505.364 GC heap after
{Heap after GC invocations=17 (full 0):
 garbage-first heap   total 52224K, used 28168K [0x00000000c1c00000, 0x0000000100000000)
  region size 1024K, 3 young (3072K), 3 survivors (3072K)
 Metaspace       used 65565K, committed 66240K, reserved 1114112K
  class space    used 8711K, committed 9024K, reserved 1048576K
}
Event: 3449.508 GC heap before
{Heap before GC invocations=17 (full 0):
 garbage-first heap   total 52224K, used 42504K [0x00000000c1c00000, 0x0000000100000000)
  region size 1024K, 18 young (18432K), 3 survivors (3072K)
 Metaspace       used 69214K, committed 69888K, reserved 1114112K
  class space    used 9264K, committed 9536K, reserved 1048576K
}
Event: 3451.513 GC heap after
{Heap after GC invocations=18 (full 0):
 garbage-first heap   total 52224K, used 29757K [0x00000000c1c00000, 0x0000000100000000)
  region size 1024K, 2 young (2048K), 2 survivors (2048K)
 Metaspace       used 69214K, committed 69888K, reserved 1114112K
  class space    used 9264K, committed 9536K, reserved 1048576K
}
Event: 3453.516 GC heap before
{Heap before GC invocations=18 (full 0):
 garbage-first heap   total 52224K, used 30781K [0x00000000c1c00000, 0x0000000100000000)
  region size 1024K, 3 young (3072K), 2 survivors (2048K)
 Metaspace       used 69389K, committed 70080K, reserved 1114112K
  class space    used 9301K, committed 9600K, reserved 1048576K
}
Event: 3453.579 GC heap after
{Heap after GC invocations=19 (full 0):
 garbage-first heap   total 52224K, used 29876K [0x00000000c1c00000, 0x0000000100000000)
  region size 1024K, 1 young (1024K), 1 survivors (1024K)
 Metaspace       used 69389K, committed 70080K, reserved 1114112K
  class space    used 9301K, committed 9600K, reserved 1048576K
}
Event: 3455.284 GC heap before
{Heap before GC invocations=19 (full 0):
 garbage-first heap   total 52224K, used 30900K [0x00000000c1c00000, 0x0000000100000000)
  region size 1024K, 2 young (2048K), 1 survivors (1024K)
 Metaspace       used 69571K, committed 70208K, reserved 1114112K
  class space    used 9337K, committed 9600K, reserved 1048576K
}
Event: 3455.286 GC heap after
{Heap after GC invocations=20 (full 0):
 garbage-first heap   total 52224K, used 29691K [0x00000000c1c00000, 0x0000000100000000)
  region size 1024K, 1 young (1024K), 1 survivors (1024K)
 Metaspace       used 69571K, committed 70208K, reserved 1114112K
  class space    used 9337K, committed 9600K, reserved 1048576K
}
Event: 3615.068 GC heap before
{Heap before GC invocations=21 (full 0):
 garbage-first heap   total 53248K, used 30715K [0x00000000c1c00000, 0x0000000100000000)
  region size 1024K, 2 young (2048K), 1 survivors (1024K)
 Metaspace       used 69324K, committed 70272K, reserved 1114112K
  class space    used 9259K, committed 9600K, reserved 1048576K
}
Event: 3615.979 GC heap after
{Heap after GC invocations=22 (full 0):
 garbage-first heap   total 53248K, used 29746K [0x00000000c1c00000, 0x0000000100000000)
  region size 1024K, 1 young (1024K), 1 survivors (1024K)
 Metaspace       used 69324K, committed 70272K, reserved 1114112K
  class space    used 9259K, committed 9600K, reserved 1048576K
}
Event: 3618.519 GC heap before
{Heap before GC invocations=22 (full 0):
 garbage-first heap   total 53248K, used 29746K [0x00000000c1c00000, 0x0000000100000000)
  region size 1024K, 2 young (2048K), 1 survivors (1024K)
 Metaspace       used 69345K, committed 70272K, reserved 1114112K
  class space    used 9259K, committed 9600K, reserved 1048576K
}
Event: 3618.672 GC heap after
{Heap after GC invocations=23 (full 0):
 garbage-first heap   total 53248K, used 29476K [0x00000000c1c00000, 0x0000000100000000)
  region size 1024K, 1 young (1024K), 1 survivors (1024K)
 Metaspace       used 69345K, committed 70272K, reserved 1114112K
  class space    used 9259K, committed 9600K, reserved 1048576K
}
Event: 3628.558 GC heap before
{Heap before GC invocations=23 (full 0):
 garbage-first heap   total 53248K, used 30500K [0x00000000c1c00000, 0x0000000100000000)
  region size 1024K, 2 young (2048K), 1 survivors (1024K)
 Metaspace       used 69364K, committed 70272K, reserved 1114112K
  class space    used 9259K, committed 9600K, reserved 1048576K
}
Event: 3628.676 GC heap after
{Heap after GC invocations=24 (full 0):
 garbage-first heap   total 53248K, used 29464K [0x00000000c1c00000, 0x0000000100000000)
  region size 1024K, 1 young (1024K), 1 survivors (1024K)
 Metaspace       used 69364K, committed 70272K, reserved 1114112K
  class space    used 9259K, committed 9600K, reserved 1048576K
}
Event: 3643.391 GC heap before
{Heap before GC invocations=24 (full 0):
 garbage-first heap   total 53248K, used 30488K [0x00000000c1c00000, 0x0000000100000000)
  region size 1024K, 2 young (2048K), 1 survivors (1024K)
 Metaspace       used 69380K, committed 70272K, reserved 1114112K
  class space    used 9259K, committed 9600K, reserved 1048576K
}
Event: 3643.489 GC heap after
{Heap after GC invocations=25 (full 0):
 garbage-first heap   total 53248K, used 29408K [0x00000000c1c00000, 0x0000000100000000)
  region size 1024K, 1 young (1024K), 1 survivors (1024K)
 Metaspace       used 69380K, committed 70272K, reserved 1114112K
  class space    used 9259K, committed 9600K, reserved 1048576K
}
Event: 3660.235 GC heap before
{Heap before GC invocations=25 (full 0):
 garbage-first heap   total 53248K, used 30432K [0x00000000c1c00000, 0x0000000100000000)
  region size 1024K, 2 young (2048K), 1 survivors (1024K)
 Metaspace       used 69386K, committed 70272K, reserved 1114112K
  class space    used 9259K, committed 9600K, reserved 1048576K
}
Event: 3660.269 GC heap after
{Heap after GC invocations=26 (full 0):
 garbage-first heap   total 53248K, used 29349K [0x00000000c1c00000, 0x0000000100000000)
  region size 1024K, 1 young (1024K), 1 survivors (1024K)
 Metaspace       used 69386K, committed 70272K, reserved 1114112K
  class space    used 9259K, committed 9600K, reserved 1048576K
}
Event: 3733.292 GC heap before
{Heap before GC invocations=26 (full 0):
 garbage-first heap   total 53248K, used 30373K [0x00000000c1c00000, 0x0000000100000000)
  region size 1024K, 2 young (2048K), 1 survivors (1024K)
 Metaspace       used 69451K, committed 70272K, reserved 1114112K
  class space    used 9264K, committed 9600K, reserved 1048576K
}
Event: 3733.330 GC heap after
{Heap after GC invocations=27 (full 0):
 garbage-first heap   total 53248K, used 29230K [0x00000000c1c00000, 0x0000000100000000)
  region size 1024K, 1 young (1024K), 1 survivors (1024K)
 Metaspace       used 69451K, committed 70272K, reserved 1114112K
  class space    used 9264K, committed 9600K, reserved 1048576K
}

